Performing C SOURCE FILE Test CMAKE_HAVE_LIBC_PTHREAD failed with the following output:
Change Dir: /home/rudi/projects/qt_security_camera/build_rpi/CMakeFiles/CMakeScratch/TryCompile-sXDCOm

Run Build Command(s):/usr/bin/make -f Makefile cmTC_9cc0c/fast && /usr/bin/make  -f CMakeFiles/cmTC_9cc0c.dir/build.make CMakeFiles/cmTC_9cc0c.dir/build
make[1]: Entering directory '/home/rudi/projects/qt_security_camera/build_rpi/CMakeFiles/CMakeScratch/TryCompile-sXDCOm'
Building C object CMakeFiles/cmTC_9cc0c.dir/src.c.o
/usr/bin/aarch64-linux-gnu-gcc-9 --sysroot=/home/rudi/rpi-sysroot -DCMAKE_HAVE_LIBC_PTHREAD  -I/home/rudi/rpi-sysroot/usr/include  -o CMakeFiles/cmTC_9cc0c.dir/src.c.o -c /home/rudi/projects/qt_security_camera/build_rpi/CMakeFiles/CMakeScratch/TryCompile-sXDCOm/src.c
Linking C executable cmTC_9cc0c
/opt/cmake-3.25.1-linux-x86_64/bin/cmake -E cmake_link_script CMakeFiles/cmTC_9cc0c.dir/link.txt --verbose=1
/usr/bin/aarch64-linux-gnu-gcc-9 --sysroot=/home/rudi/rpi-sysroot  -I/home/rudi/rpi-sysroot/usr/include  -Wl,-O1 -Wl,--hash-style=gnu -Wl,--as-needed  CMakeFiles/cmTC_9cc0c.dir/src.c.o -o cmTC_9cc0c  -Wl,-rpath,/home/rudi/rpi-sysroot 
/usr/lib/gcc-cross/aarch64-linux-gnu/9/../../../../aarch64-linux-gnu/bin/ld: CMakeFiles/cmTC_9cc0c.dir/src.c.o: in function `main':
src.c:(.text+0x48): undefined reference to `pthread_create'
/usr/lib/gcc-cross/aarch64-linux-gnu/9/../../../../aarch64-linux-gnu/bin/ld: src.c:(.text+0x50): undefined reference to `pthread_detach'
/usr/lib/gcc-cross/aarch64-linux-gnu/9/../../../../aarch64-linux-gnu/bin/ld: src.c:(.text+0x58): undefined reference to `pthread_cancel'
/usr/lib/gcc-cross/aarch64-linux-gnu/9/../../../../aarch64-linux-gnu/bin/ld: src.c:(.text+0x64): undefined reference to `pthread_join'
collect2: error: ld returned 1 exit status
make[1]: *** [CMakeFiles/cmTC_9cc0c.dir/build.make:99: cmTC_9cc0c] Error 1
make[1]: Leaving directory '/home/rudi/projects/qt_security_camera/build_rpi/CMakeFiles/CMakeScratch/TryCompile-sXDCOm'
make: *** [Makefile:127: cmTC_9cc0c/fast] Error 2


Source file was:
#include <pthread.h>

static void* test_func(void* data)
{
  return data;
}

int main(void)
{
  pthread_t thread;
  pthread_create(&thread, NULL, test_func, NULL);
  pthread_detach(thread);
  pthread_cancel(thread);
  pthread_join(thread, NULL);
  pthread_atfork(NULL, NULL, NULL);
  pthread_exit(NULL);

  return 0;
}


